<?xml version="1.0" encoding="UTF-8"?>
<!-- Generated by org.testng.reporters.JUnitReportReporter -->
<testsuite skipped="0" hostname="DESKTOP-KBCQ448" name="com.microsoft.NewTest" tests="1" failures="0" timestamp="2020-08-17T15:00:58 IST" time="0.009" errors="0">
  <testcase name="f" time="0.009" classname="com.microsoft.NewTest"/>
  <system-out/>
</testsuite> <!-- com.microsoft.NewTest -->
