<?xml version="1.0" encoding="UTF-8"?>
<!-- Generated by org.testng.reporters.JUnitReportReporter -->
<testsuite skipped="0" hostname="DESKTOP-KBCQ448" name="com.Scenario.Case1" tests="1" failures="0" timestamp="2020-08-17T16:44:58 IST" time="2.794" errors="0">
  <testcase name="Case1" time="2.794" classname="com.Scenario.Case1"/>
  <system-out/>
</testsuite> <!-- com.Scenario.Case1 -->
