<?xml version="1.0" encoding="UTF-8"?>
<!-- Generated by org.testng.reporters.JUnitReportReporter -->
<testsuite hostname="DESKTOP-KBCQ448" failures="0" tests="1" name="com.microsoft.TestRestClass" time="3.023" errors="0" timestamp="2020-08-13T23:37:15 IST" skipped="0">
  <testcase classname="com.microsoft.TestRestClass" name="testing" time="3.023"/>
  <system-out/>
</testsuite> <!-- com.microsoft.TestRestClass -->
