<?xml version="1.0" encoding="UTF-8"?>
<!-- Generated by org.testng.reporters.JUnitReportReporter -->
<testsuite skipped="0" hostname="DESKTOP-KBCQ448" name="com.microsoft.Codestatus" tests="1" failures="0" timestamp="2020-08-19T17:38:31 IST" time="3.228" errors="0">
  <testcase name="Case1" time="3.228" classname="com.microsoft.Codestatus"/>
  <system-out/>
</testsuite> <!-- com.microsoft.Codestatus -->
