<?xml version="1.0" encoding="UTF-8"?>
<!-- Generated by org.testng.reporters.JUnitReportReporter -->
<testsuite hostname="DESKTOP-KBCQ448" failures="0" tests="1" name="com.microsoft.FirstVerify" time="15.112" errors="0" timestamp="2020-08-14T01:30:01 IST" skipped="0">
  <testcase classname="com.microsoft.FirstVerify" name="Case1" time="15.112"/>
  <system-out/>
</testsuite> <!-- com.microsoft.FirstVerify -->
