<?xml version="1.0" encoding="UTF-8"?>
<!-- Generated by org.testng.reporters.JUnitReportReporter -->
<testsuite skipped="0" hostname="DESKTOP-KBCQ448" name="com.JenkinTest.VerifyStatus" tests="1" failures="0" timestamp="2020-08-19T23:34:59 IST" time="3.156" errors="0">
  <testcase name="Case1" time="3.156" classname="com.JenkinTest.VerifyStatus"/>
  <system-out/>
</testsuite> <!-- com.JenkinTest.VerifyStatus -->
