<?xml version="1.0" encoding="UTF-8"?>
<!-- Generated by org.testng.reporters.JUnitReportReporter -->
<testsuite skipped="0" hostname="DESKTOP-KBCQ448" name="com.newproject.Case1" tests="1" failures="0" timestamp="2020-08-19T19:29:42 IST" time="4.884" errors="0">
  <testcase name="Case1" time="4.884" classname="com.newproject.Case1"/>
  <system-out/>
</testsuite> <!-- com.newproject.Case1 -->
